0 info it worked if it ends with ok
1 verbose cli [ 'node', '/usr/local/bin/npm', 'install', 'stylus-source' ]
2 info using npm@1.4.7
3 info using node@v0.11.10
4 verbose readDependencies using package.json deps
5 verbose cache add [ 'stylus-source', null ]
6 verbose cache add name=undefined spec="stylus-source" args=["stylus-source",null]
7 verbose parsed url { protocol: null,
7 verbose parsed url   slashes: null,
7 verbose parsed url   auth: null,
7 verbose parsed url   host: null,
7 verbose parsed url   port: null,
7 verbose parsed url   hostname: null,
7 verbose parsed url   hash: null,
7 verbose parsed url   search: null,
7 verbose parsed url   query: null,
7 verbose parsed url   pathname: 'stylus-source',
7 verbose parsed url   path: 'stylus-source',
7 verbose parsed url   href: 'stylus-source' }
8 silly lockFile 5a61a1cf-stylus-source stylus-source
9 verbose lock stylus-source /Users/saulo/.npm/5a61a1cf-stylus-source.lock
10 silly lockFile 5a61a1cf-stylus-source stylus-source
11 silly lockFile 5a61a1cf-stylus-source stylus-source
12 verbose addNamed [ 'stylus-source', '' ]
13 verbose addNamed [ null, '*' ]
14 silly lockFile a097f8be-stylus-source stylus-source@
15 verbose lock stylus-source@ /Users/saulo/.npm/a097f8be-stylus-source.lock
16 silly addNameRange { name: 'stylus-source', range: '*', hasData: false }
17 verbose url raw stylus-source
18 verbose url resolving [ 'https://registry.npmjs.org/', './stylus-source' ]
19 verbose url resolved https://registry.npmjs.org/stylus-source
20 info trying registry request attempt 1 at 02:45:37
21 http GET https://registry.npmjs.org/stylus-source
22 http 404 https://registry.npmjs.org/stylus-source
23 verbose headers { date: 'Fri, 04 Jul 2014 05:31:24 GMT',
23 verbose headers   server: 'CouchDB/1.5.0 (Erlang OTP/R16B03)',
23 verbose headers   'content-type': 'application/json',
23 verbose headers   'cache-control': 'max-age=0',
23 verbose headers   'content-length': '52',
23 verbose headers   'accept-ranges': 'bytes',
23 verbose headers   via: '1.1 varnish',
23 verbose headers   age: '0',
23 verbose headers   'x-served-by': 'cache-at50-ATL',
23 verbose headers   'x-cache': 'MISS',
23 verbose headers   'x-cache-hits': '0',
23 verbose headers   'x-timer': 'S1404451884.568896,VS0,VE76',
23 verbose headers   connection: 'close' }
24 silly registry.get cb [ 404,
24 silly registry.get   { date: 'Fri, 04 Jul 2014 05:31:24 GMT',
24 silly registry.get     server: 'CouchDB/1.5.0 (Erlang OTP/R16B03)',
24 silly registry.get     'content-type': 'application/json',
24 silly registry.get     'cache-control': 'max-age=0',
24 silly registry.get     'content-length': '52',
24 silly registry.get     'accept-ranges': 'bytes',
24 silly registry.get     via: '1.1 varnish',
24 silly registry.get     age: '0',
24 silly registry.get     'x-served-by': 'cache-at50-ATL',
24 silly registry.get     'x-cache': 'MISS',
24 silly registry.get     'x-cache-hits': '0',
24 silly registry.get     'x-timer': 'S1404451884.568896,VS0,VE76',
24 silly registry.get     connection: 'close' } ]
25 silly lockFile a097f8be-stylus-source stylus-source@
26 silly lockFile a097f8be-stylus-source stylus-source@
27 error 404 404 Not Found: stylus-source
27 error 404
27 error 404 'stylus-source' is not in the npm registry.
27 error 404 You should bug the author to publish it
27 error 404 It was specified as a dependency of 'blog'
27 error 404
27 error 404 Note that you can also install from a
27 error 404 tarball, folder, or http url, or git url.
28 error System Darwin 13.2.0
29 error command "node" "/usr/local/bin/npm" "install" "stylus-source"
30 error cwd /Users/saulo/doandose/blog
31 error node -v v0.11.10
32 error npm -v 1.4.7
33 error code E404
34 verbose exit [ 1, true ]
